<?xml version="1.0" encoding="UTF-8"?>
<!-- Generated by org.testng.reporters.JUnitReportReporter -->
<testsuite hostname="NITBA" failures="0" tests="2" name="com.qa.actitime.driver.DriverManager" time="5.655" errors="0" timestamp="2023-04-23T20:20:34 EDT" skipped="0">
  <testcase classname="com.qa.actitime.driver.DriverManager" name="initApplication" time="5.528"/>
  <system-out/>
  <testcase classname="com.qa.actitime.driver.DriverManager" name="quitbrowser" time="0.127"/>
  <system-out/>
</testsuite> <!-- com.qa.actitime.driver.DriverManager -->
