<?xml version="1.0" encoding="UTF-8"?>
<!-- Generated by org.testng.reporters.JUnitReportReporter -->
<testsuite hostname="NITBA" failures="0" tests="1" name="com.qa.actitime.testcases.BaseTest" time="3.644" errors="0" timestamp="2023-04-23T20:39:15 EDT" skipped="0">
  <testcase classname="com.qa.actitime.testcases.BaseTest" name="preTest" time="3.644"/>
  <system-out/>
</testsuite> <!-- com.qa.actitime.testcases.BaseTest -->
