<?xml version="1.0" encoding="UTF-8"?>
<!-- Generated by org.testng.reporters.JUnitReportReporter -->
<testsuite hostname="NITBA" failures="0" tests="4" name="com.qa.actitime.testcases.LoginPageTest" time="7.253" errors="0" timestamp="2023-04-26T12:31:40 EDT" skipped="3">
  <testcase classname="com.qa.actitime.testcases.LoginPageTest" name="testLoginFunction" time="7.253"/>
  <system-out/>
  <testcase classname="com.qa.actitime.testcases.LoginPageTest" name="testActiLinkDisplayed">
    <skipped/>
  </testcase> <!-- testActiLinkDisplayed -->
  <system-out/>
  <testcase classname="com.qa.actitime.testcases.LoginPageTest" name="testloginPageTitle">
    <skipped/>
  </testcase> <!-- testloginPageTitle -->
  <system-out/>
  <testcase classname="com.qa.actitime.testcases.LoginPageTest" name="testActiLogoDisplayed">
    <skipped/>
  </testcase> <!-- testActiLogoDisplayed -->
  <system-out/>
</testsuite> <!-- com.qa.actitime.testcases.LoginPageTest -->
